2025-02-17 13:59:14,427 - INFO - Logger initialized successfully
2025-02-17 14:10:16,730 - INFO - Logger initialized successfully
2025-02-17 14:10:22,981 - INFO - Fetching weather data for monterrey, Country Code (mx,us), ZIP Code...
2025-02-17 14:10:23,110 - INFO - Weather data received: {'coord': {'lon': -100.3167, 'lat': 25.6667}, 'weather': [{'id': 803, 'main': 'Clouds', 'description': 'broken clouds', 'icon': '04d'}], 'base': 'stations', 'main': {'temp': 15.37, 'feels_like': 14.01, 'temp_min': 14.95, 'temp_max': 15.37, 'pressure': 1016, 'humidity': 40, 'sea_level': 1016, 'grnd_level': 918}, 'visibility': 10000, 'wind': {'speed': 3.13, 'deg': 91, 'gust': 3.93}, 'clouds': {'all': 71}, 'dt': 1739822997, 'sys': {'type': 1, 'id': 7108, 'country': 'MX', 'sunrise': 1739798082, 'sunset': 1739838965}, 'timezone': -21600, 'id': 3995465, 'name': 'Monterrey', 'cod': 200}
2025-02-17 14:14:33,255 - INFO - Fetching weather data for monterrey, Country Code (mx,us), ZIP Code...
2025-02-17 14:14:49,130 - INFO - Fetching weather data for san nicolas, Country Code (mx,us), ZIP Code...
2025-02-17 14:15:04,779 - INFO - Fetching weather data for santiago, Country Code (mx,us), ZIP Code...
2025-02-17 14:58:30,170 - INFO - Fetching weather data for City, Country Code (mx,us), ZIP Code...
2025-02-17 15:08:35,413 - INFO - Fetching weather data for monterrey, Country Code (mx,us), ZIP Code...
2025-02-17 15:20:49,705 - INFO - Fetching weather data for City, Country Code (mx,us), ZIP Code...
2025-02-17 16:20:43,230 - INFO - Fetching weather data for monterrey, Country Code (mx,us), ZIP Code...
2025-02-17 17:43:17,411 - INFO - Fetching weather data for Monterrey, Country Code (mx,us), ZIP Code...
2025-02-17 17:43:17,534 - INFO - {'cod': '400', 'message': 'invalid zip code'}
2025-02-17 17:43:29,547 - INFO - Fetching weather data for Monterrey, mx, ...
2025-02-17 17:43:39,261 - INFO - Fetching weather data for Monterrey, mx, 64360...
2025-02-17 18:16:11,891 - INFO - Fetching weather data for Monterrey, Country Code (mx,us), ZIP Code...
2025-02-17 18:16:12,001 - INFO - {'cod': '400', 'message': 'invalid zip code'}
2025-02-17 18:16:36,857 - INFO - Fetching weather data for Monterrey, Country Code (mx,us), 64360...
2025-02-17 18:16:36,971 - INFO - {'cod': '400', 'message': 'invalid zip code'}
2025-02-17 18:16:42,310 - INFO - Fetching weather data for Monterrey, mx, 64360...
2025-02-17 18:17:19,053 - INFO - Fetching weather data for City, mx, 64347...
2025-02-17 18:21:21,761 - INFO - Fetching weather data for City, mx, 64360...
2025-02-17 18:22:16,368 - INFO - Fetching weather data for City, mx, 64360...
2025-02-17 18:22:21,265 - INFO - Fetching weather data for City, mx, 64360...
2025-02-17 18:24:08,601 - INFO - Fetching weather data for City, mx, 64360...
2025-02-17 18:24:18,126 - INFO - Fetching weather data for Monterrey, mx, 64360...
2025-02-17 18:24:23,379 - INFO - Fetching weather data for Monterrey, mx, ...
2025-02-17 18:24:31,021 - INFO - Fetching weather data for Monterrey, mx, 64347...
2025-02-17 18:24:38,205 - INFO - Fetching weather data for Monterrey, mx, 64360...
2025-02-17 18:25:42,757 - INFO - Fetching weather data for monterrey, mx, ZIP Code...
2025-02-17 18:25:42,863 - INFO - {'cod': '404', 'message': 'city not found'}
2025-02-17 18:25:47,920 - INFO - Fetching weather data for monterrey, mx, ZIP Code...
2025-02-17 18:25:48,034 - INFO - {'cod': '404', 'message': 'city not found'}
2025-02-17 18:25:54,469 - INFO - Fetching weather data for monterrey, mx, 64360...
2025-02-17 18:26:03,375 - INFO - Fetching weather data for monterrey, , 64360...
2025-02-17 18:26:03,482 - INFO - {'cod': '404', 'message': 'city not found'}
2025-02-17 18:26:08,067 - INFO - Fetching weather data for monterrey, mx, 64360...
2025-02-17 18:26:12,525 - INFO - Fetching weather data for monterrey, mx, ...
2025-02-17 18:26:14,733 - INFO - Fetching weather data for monterrey, mx, ...
2025-02-17 18:26:16,376 - INFO - Fetching weather data for monterrey, mx, ...
2025-02-17 18:26:22,237 - INFO - Fetching weather data for , mx, 64360...
2025-02-17 18:26:24,614 - INFO - Fetching weather data for , mx, 64360...
2025-02-17 18:26:38,793 - INFO - Fetching weather data for City, mx, 64360...
2025-02-18 17:51:50,727 - INFO - Fetching weather data for Monterrey, mx, 64360...
2025-02-18 18:30:38,447 - INFO - Fetching weather data for monterrey, mx, 64360...
2025-02-18 21:36:41,263 - INFO - Fetching weather data for Monterrey, mx, 64360...
2025-02-19 16:54:22,822 - INFO - Fetching weather data for City, Country Code (mx,us), ZIP Code...
2025-02-19 16:54:23,011 - INFO - {'cod': '400', 'message': 'invalid zip code'}
2025-02-19 17:16:43,185 - INFO - Fetching weather data for City, Country Code (mx,us), ZIP Code...
2025-02-19 17:16:43,291 - INFO - {'cod': '400', 'message': 'invalid zip code'}
2025-02-19 17:16:51,525 - INFO - Fetching weather data for Monterrey, mx, 64360...
2025-02-19 17:46:56,175 - INFO - Fetching weather data for City, Country Code (mx,us), ZIP Code...
2025-02-19 17:46:56,293 - INFO - {'cod': '400', 'message': 'invalid zip code'}
2025-02-20 13:31:36,411 - INFO - Fetching weather data for Monterrey, Country Code (mx,us), ZIP Code...
2025-02-20 13:31:36,542 - INFO - {'cod': '400', 'message': 'invalid zip code'}
2025-02-20 13:31:40,506 - INFO - Fetching weather data for Monterrey, mx, ZIP Code...
2025-02-20 13:31:40,611 - INFO - {'cod': '404', 'message': 'city not found'}
2025-02-20 13:31:45,714 - INFO - Fetching weather data for Monterrey, mx, 64360...
2025-02-20 15:33:13,432 - INFO - Fetching weather data for Monterrey, mx, 64360...
2025-02-20 17:47:15,007 - INFO - Fetching weather data for Monterrey, mx, 64360...
2025-02-21 15:32:01,219 - INFO - Fetching weather data for monterrey, mx, 64360...
2025-02-24 19:12:31,681 - INFO - Fetching weather data for monterrey, mx, ZIP Code...
2025-02-24 19:12:31,809 - INFO - {'cod': '404', 'message': 'city not found'}
2025-02-24 19:12:36,965 - INFO - Fetching weather data for monterrey, mx, 64360...
2025-02-24 19:18:11,852 - INFO - Fetching weather data for monterrey, mx, 64360...
2025-02-24 19:18:15,723 - INFO - Fetching weather data for monterrey, mx, 64360...
